<?xml version="1.0" encoding="UTF-8"?>
<robot generator="Robot 7.3.2 (Python 3.13.2 on win32)" generated="2025-08-19T21:54:59.508394" rpa="false" schemaversion="5">
<suite id="s1" name="Test Dummyjson Api" source="c:\voltz\workspace\robot-tests-learning\fase2_api_test\tests\test_dummyjson_api.robot">
<kw name="Criar Sessao API" owner="api_keywords" type="SETUP">
<kw name="Create Session" owner="RequestsLibrary">
<msg time="2025-08-19T21:54:59.906339" level="INFO">Creating Session using : alias=api, url=https://dummyjson.com, headers={},                     cookies={}, auth=None, timeout=None, proxies=None, verify=False,                     debug=0 </msg>
<arg>api</arg>
<arg>${BASE_URL}</arg>
<doc>Create Session: create a HTTP session to a server</doc>
<status status="PASS" start="2025-08-19T21:54:59.906152" elapsed="0.002086"/>
</kw>
<status status="PASS" start="2025-08-19T21:54:59.905791" elapsed="0.002584"/>
</kw>
<test id="s1-t1" name="Validar GET Products" line="9">
<kw name="GET Products" owner="api_keywords">
<kw name="GET On Session" owner="RequestsLibrary">
<msg time="2025-08-19T21:55:00.147630" level="INFO">GET Request : url=https://dummyjson.com/products 
 path_url=/products 
 headers={'User-Agent': 'python-requests/2.32.3', 'Accept-Encoding': 'gzip, deflate', 'Accept': '*/*', 'Connection': 'keep-alive'} 
 body=None 
 </msg>
<msg time="2025-08-19T21:55:00.147941" level="INFO">GET Response : url=https://dummyjson.com/products 
 status=200, reason=OK 
 headers={'Date': 'Wed, 20 Aug 2025 00:55:02 GMT', 'Content-Type': 'application/json; charset=utf-8', 'Transfer-Encoding': 'chunked', 'Connection': 'keep-alive', 'Access-Control-Allow-Origin': '*', 'Report-To': '{"group":"cf-nel","max_age":604800,"endpoints":[{"url":"https://a.nel.cloudflare.com/report/v4?s=KbjsTATAFKI1%2F3nnvoxGL8WvDzq0nxzBYzwoweK7BmjwxSaV0CLLmnpi2%2B%2ByewrwjWVw2Q7pqbyCn%2Fe%2BsbOZUXy4uyCoQp%2Fp6VYe5HhnDQ%2BLNqr%2F0ZG1FXA%3D"}]}', 'Etag': 'W/"ac3a-uk0FDUI0X0lS5liyUbIxqA7L7F4"', 'Server': 'cloudflare', 'Strict-Transport-Security': 'max-age=15552000; includeSubDomains', 'Vary': 'Accept-Encoding', 'X-Content-Type-Options': 'nosniff', 'X-Dns-Prefetch-Control': 'off', 'X-Download-Options': 'noopen', 'X-Frame-Options': 'SAMEORIGIN', 'X-Powered-By': 'Cats on Keyboards', 'X-Railway-Edge': 'railway/us-east4-eqdc4a', 'X-Railway-Request-Id': 'hkH0Jx6pRYqah5U3g4a9AQ', 'X-Ratelimit-Limit': '100', 'X-Ratelimit-Remaining': '99', 'X-Ratelimit-Reset': '1755533249', 'X-Xss-Protection': '1; mode=block', 'Age': '14326', 'Cache-Control': 'no-store', 'Cf-Cache-Status': 'HIT', 'Nel': '{"report_to":"cf-nel","success_fraction":0.0,"max_age":604800}', 'Content-Encoding': 'gzip', 'CF-RAY': '971dec40fb78a67d-GRU', 'alt-svc': 'h3=":443"; ma=86400'} 
 body={"products":[{"id":1,"title":"Essence Mascara Lash Princess","description":"The Essence Mascara Lash Princess is a popular mascara known for its volumizing and lengthening effects. Achieve dramatic lashes with this long-lasting and cruelty-free formula.","category":"beauty","price":9.99,"discountPercentage":10.48,"rating":2.56,"stock":99,"tags":["beauty","mascara"],"brand":"Essence","sku":"BEA-ESS-ESS-001","weight":4,"dimensions":{"width":15.14,"height":13.08,"depth":22.99},"warrantyInformation":"1 week warranty","shippingInformation":"Ships in 3-5 business days","availabilityStatus":"In Stock","reviews":[{"rating":3,"comment":"Would not recommend!","date":"2025-04-30T09:41:02.053Z","reviewerName":"Eleanor Collins","reviewerEmail":"eleanor.collins@x.dummyjson.com"},{"rating":4,"comment":"Very satisfied!","date":"2025-04-30T09:41:02.053Z","reviewerName":"Lucas Gordon","reviewerEmail":"lucas.gordon@x.dummyjson.com"},{"rating":5,"comment":"Highly impressed!","date":"2025-04-30T09:41:02.053Z","reviewerName":"Eleanor Collins","reviewerEmail":"eleanor.collins@x.dummyjson.com"}],"returnPolicy":"No return policy","minimumOrderQuantity":48,"meta":{"createdAt":"2025-04-30T09:41:02.053Z","updatedAt":"2025-04-30T09:41:02.053Z","barcode":"5784719087687","qrCode":"https://cdn.dummyjson.com/public/qr-code.png"},"images":["https://cdn.dummyjson.com/product-images/beauty/essence-mascara-lash-princess/1.webp"],"thumbnail":"https://cdn.dummyjson.com/product-images/beauty/essence-mascara-lash-princess/thumbnail.webp"},{"id":2,"title":"Eyeshadow Palette with Mirror","description":"The Eyeshadow Palette with Mirror offers a versatile range of eyeshadow shades for creating stunning eye looks. With a built-in mirror, it's convenient for on-the-go makeup application.","category":"beauty","price":19.99,"discountPercentage":18.19,"rating":2.86,"stock":34,"tags":["beauty","eyeshadow"],"brand":"Glamour Beauty","sku":"BEA-GLA-EYE-002","weight":9,"dimensions":{"width":9.26,"height":22.47,"depth":27.67},"warrantyInformation":"1 year warranty","shippingInformation":"Ships in 2 weeks","availabilityStatus":"In Stock","reviews":[{"rating":5,"comment":"Great product!","date":"2025-04-30T09:41:02.053Z","reviewerName":"Savannah Gomez","reviewerEmail":"savannah.gomez@x.dummyjson.com"},{"rating":4,"comment":"Awesome product!","date":"2025-04-30T09:41:02.053Z","reviewerName":"Christian Perez","reviewerEmail":"christian.perez@x.dummyjson.com"},{"rating":1,"comment":"Poor quality!","date":"2025-04-30T09:41:02.053Z","reviewerName":"Nicholas Bailey","reviewerEmail":"nicholas.bailey@x.dummyjson.com"}],"returnPolicy":"7 days return policy","minimumOrderQuantity":20,"meta":{"createdAt":"2025-04-30T09:41:02.053Z","updatedAt":"2025-04-30T09:41:02.053Z","barcode":"9170275171413","qrCode":"https://cdn.dummyjson.com/public/qr-code.png"},"images":["https://cdn.dummyjson.com/product-images/beauty/eyeshadow-palette-with-mirror/1.webp"],"thumbnail":"https://cdn.dummyjson.com/product-images/beauty/eyeshadow-palette-with-mirror/thumbnail.webp"},{"id":3,"title":"Powder Canister","description":"The Powder Canister is a finely milled setting powder designed to set makeup and control shine. With a lightweight and translucent formula, it provides a smooth and matte finish.","category":"beauty","price":14.99,"discountPercentage":9.84,"rating":4.64,"stock":89,"tags":["beauty","face powder"],"brand":"Velvet Touch","sku":"BEA-VEL-POW-003","weight":8,"dimensions":{"width":29.27,"height":27.93,"depth":20.59},"warrantyInformation":"3 months warranty","shippingInformation":"Ships in 1-2 business days","availabilityStatus":"In Stock","reviews":[{"rating":4,"comment":"Would buy again!","date":"2025-04-30T09:41:02.053Z","reviewerName":"Alexander Jones","reviewerEmail":"alexander.jones@x.dummyjson.com"},{"rating":5,"comment":"Highly impressed!","date":"2025-04-30T09:41:02.053Z","reviewerName":"Elijah Cruz","reviewerEmail":"elijah.cruz@x.dummyjson.com"},{"rating":1,"comment":"Very dissatisfied!","date":"2025-04-30T09:41:02.053Z","reviewerName":"Avery Perez","reviewerEmail":"avery.perez@x.dummyjson.com"}],"returnPolicy":"No return policy","minimumOrderQuantity":22,"meta":{"createdAt":"2025-04-30T09:41:02.053Z","updatedAt":"2025-04-30T09:41:02.053Z","barcode":"8418883906837","qrCode":"https://cdn.dummyjson.com/public/qr-code.png"},"images":["https://cdn.dummyjson.com/product-images/beauty/powder-canister/1.webp"],"thumbnail":"https://cdn.dummyjson.com/product-images/beauty/powder-canister/thumbnail.webp"},{"id":4,"title":"Red Lipstick","description":"The Red Lipstick is a classic and bold choice for adding a pop of color to your lips. With a creamy and pigmented formula, it provides a vibrant and long-lasting finish.","category":"beauty","price":12.99,"discountPercentage":12.16,"rating":4.36,"stock":91,"tags":["beauty","lipstick"],"brand":"Chic Cosmetics","sku":"BEA-CHI-LIP-004","weight":1,"dimensions":{"width":18.11,"height":28.38,"depth":22.17},"warrantyInformation":"3 year warranty","shippingInformation":"Ships in 1 week","availabilityStatus":"In Stock","reviews":[{"rating":4,"comment":"Great product!","date":"2025-04-30T09:41:02.053Z","reviewerName":"Liam Garcia","reviewerEmail":"liam.garcia@x.dummyjson.com"},{"rating":5,"comment":"Great product!","date":"2025-04-30T09:41:02.053Z","reviewerName":"Ruby Andrews","reviewerEmail":"ruby.andrews@x.dummyjson.com"},{"rating":5,"comment":"Would buy again!","date":"2025-04-30T09:41:02.053Z","reviewerName":"Clara Berry","reviewerEmail":"clara.berry@x.dummyjson.com"}],"returnPolicy":"7 days return policy","minimumOrderQuantity":40,"meta":{"createdAt":"2025-04-30T09:41:02.053Z","updatedAt":"2025-04-30T09:41:02.053Z","barcode":"9467746727219","qrCode":"https://cdn.dummyjson.com/public/qr-code.png"},"images":["https://cdn.dummyjson.com/product-images/beauty/red-lipstick/1.webp"],"thumbnail":"https://cdn.dummyjson.com/product-images/beauty/red-lipstick/thumbnail.webp"},{"id":5,"title":"Red Nail Polish","description":"The Red Nail Polish offers a rich and glossy red hue for vibrant and polished nails. With a quick-drying formula, it provides a salon-quality finish at home.","category":"beauty","price":8.99,"discountPercentage":11.44,"rating":4.32,"stock":79,"tags":["beauty","nail polish"],"brand":"Nail Couture","sku":"BEA-NAI-NAI-005","weight":8,"dimensions":{"width":21.63,"height":16.48,"depth":29.84},"warrantyInformation":"1 month warranty","shippingInformation":"Ships overnight","availabilityStatus":"In Stock","reviews":[{"rating":2,"comment":"Poor quality!","date":"2025-04-30T09:41:02.053Z","reviewerName":"Benjamin Wilson","reviewerEmail":"benjamin.wilson@x.dummyjson.com"},{"rating":5,"comment":"Great product!","date":"2025-04-30T09:41:02.053Z","reviewerName":"Liam Smith","reviewerEmail":"liam.smith@x.dummyjson.com"},{"rating":1,"comment":"Very unhappy with my purchase!","date":"2025-04-30T09:41:02.053Z","reviewerName":"Clara Berry","reviewerEmail":"clara.berry@x.dummyjson.com"}],"returnPolicy":"No return policy","minimumOrderQuantity":22,"meta":{"createdAt":"2025-04-30T09:41:02.053Z","updatedAt":"2025-04-30T09:41:02.053Z","barcode":"4063010628104","qrCode":"https://cdn.dummyjson.com/public/qr-code.png"},"images":["https://cdn.dummyjson.com/product-images/beauty/red-nail-polish/1.webp"],"thumbnail":"https://cdn.dummyjson.com/product-images/beauty/red-nail-polish/thumbnail.webp"},{"id":6,"title":"Calvin Klein CK One","description":"CK One by Calvin Klein is a classic unisex fragrance, known for its fresh and clean scent. It's a versatile fragrance suitable for everyday wear.","category":"fragrances","price":49.99,"discountPercentage":1.89,"rating":4.37,"stock":29,"tags":["fragrances","perfumes"],"brand":"Calvin Klein","sku":"FRA-CAL-CAL-006","weight":7,"dimensions":{"width":29.36,"height":27.76,"depth":20.72},"warrantyInformation":"1 week warranty","shippingInformation":"Ships overnight","availabilityStatus":"In Stock","reviews":[{"rating":2,"comment":"Very disappointed!","date":"2025-04-30T09:41:02.053Z","reviewerName":"Layla Young","reviewerEmail":"layla.young@x.dummyjson.com"},{"rating":4,"comment":"Fast shipping!","date":"2025-04-30T09:41:02.053Z","reviewerName":"Daniel Cook","reviewerEmail":"daniel.cook@x.dummyjson.com"},{"rating":3,"comment":"Not as described!","date":"2025-04-30T09:41:02.053Z","reviewerName":"Jacob Cooper","reviewerEmail":"jacob.cooper@x.dummyjson.com"}],"returnPolicy":"90 days return policy","minimumOrderQuantity":9,"meta":{"createdAt":"2025-04-30T09:41:02.053Z","updatedAt":"2025-04-30T09:41:02.053Z","barcode":"2451534060749","qrCode":"https://cdn.dummyjson.com/public/qr-code.png"},"images":["https://cdn.dummyjson.com/product-images/fragrances/calvin-klein-ck-one/1.webp","https://cdn.dummyjson.com/product-images/fragrances/calvin-klein-ck-one/2.webp","https://cdn.dummyjson.com/product-images/fragrances/calvin-klein-ck-one/3.webp"],"thumbnail":"https://cdn.dummyjson.com/product-images/fragrances/calvin-klein-ck-one/thumbnail.webp"},{"id":7,"title":"Chanel Coco Noir Eau De","description":"Coco Noir by Chanel is an elegant and mysterious fragrance, featuring notes of grapefruit, rose, and sandalwood. Perfect for evening occasions.","category":"fragrances","price":129.99,"discountPercentage":16.51,"rating":4.26,"stock":58,"tags":["fragrances","perfumes"],"brand":"Chanel","sku":"FRA-CHA-CHA-007","weight":7,"dimensions":{"width":24.5,"height":25.7,"depth":25.98},"warrantyInformation":"3 year warranty","shippingInformation":"Ships overnight","availabilityStatus":"In Stock","reviews":[{"rating":4,"comment":"Highly impressed!","date":"2025-04-30T09:41:02.053Z","reviewerName":"Ruby Andrews","reviewerEmail":"ruby.andrews@x.dummyjson.com"},{"rating":5,"comment":"Awesome product!","date":"2025-04-30T09:41:02.053Z","reviewerName":"Leah Henderson","reviewerEmail":"leah.henderson@x.dummyjson.com"},{"rating":5,"comment":"Very happy with my purchase!","date":"2025-04-30T09:41:02.053Z","reviewerName":"Xavier Wright","reviewerEmail":"xavier.w... (set the log level to DEBUG or TRACE to see the full content) 
 </msg>
<msg time="2025-08-19T21:55:00.148282" level="INFO">c:\Users\danil\AppData\Local\Programs\Python\Python313\Lib\site-packages\urllib3\connectionpool.py:1097: InsecureRequestWarning: Unverified HTTPS request is being made to host 'dummyjson.com'. Adding certificate verification is strongly advised. See: https://urllib3.readthedocs.io/en/latest/advanced-usage.html#tls-warnings
  warnings.warn(</msg>
<msg time="2025-08-19T21:55:00.148569" level="INFO">${response} = &lt;Response [200]&gt;</msg>
<var>${response}</var>
<arg>api</arg>
<arg>/products</arg>
<doc>Sends a GET request on a previously created HTTP Session.</doc>
<status status="PASS" start="2025-08-19T21:54:59.909107" elapsed="0.239566"/>
</kw>
<return>
<value>${response}</value>
<status status="PASS" start="2025-08-19T21:55:00.148789" elapsed="0.000123"/>
</return>
<msg time="2025-08-19T21:55:00.149126" level="INFO">${response} = &lt;Response [200]&gt;</msg>
<var>${response}</var>
<status status="PASS" start="2025-08-19T21:54:59.908876" elapsed="0.240597"/>
</kw>
<kw name="Log" owner="BuiltIn">
<msg time="2025-08-19T21:55:00.150271" level="INFO">Status Code: 200</msg>
<arg>Status Code: ${response.status_code}</arg>
<doc>Logs the given message with the given level.</doc>
<status status="PASS" start="2025-08-19T21:55:00.149877" elapsed="0.000496"/>
</kw>
<kw name="Should Be Equal As Integers" owner="BuiltIn">
<msg time="2025-08-19T21:55:00.150992" level="INFO">Argument types are:
&lt;class 'int'&gt;
&lt;class 'str'&gt;</msg>
<arg>${response.status_code}</arg>
<arg>200</arg>
<doc>Fails if objects are unequal after converting them to integers.</doc>
<status status="PASS" start="2025-08-19T21:55:00.150635" elapsed="0.000488"/>
</kw>
<status status="PASS" start="2025-08-19T21:54:59.908458" elapsed="0.242928"/>
</test>
<kw name="Fechar Sessao API" owner="api_keywords" type="TEARDOWN">
<kw name="Delete All Sessions" owner="RequestsLibrary">
<msg time="2025-08-19T21:55:00.152567" level="INFO">Deleting All Sessions</msg>
<doc>Removes all the session objects</doc>
<status status="PASS" start="2025-08-19T21:55:00.152469" elapsed="0.000240"/>
</kw>
<status status="PASS" start="2025-08-19T21:55:00.152265" elapsed="0.000526"/>
</kw>
<status status="PASS" start="2025-08-19T21:54:59.512080" elapsed="0.640756"/>
</suite>
<statistics>
<total>
<stat pass="1" fail="0" skip="0">All Tests</stat>
</total>
<tag>
</tag>
<suite>
<stat name="Test Dummyjson Api" id="s1" pass="1" fail="0" skip="0">Test Dummyjson Api</stat>
</suite>
</statistics>
<errors>
<msg time="2025-08-19T21:54:59.903125" level="WARN">Error in file 'c:\voltz\workspace\robot-tests-learning\fase2_api_test\resources\api_keywords.robot' on line 16: The '[Return]' setting is deprecated. Use the 'RETURN' statement instead.</msg>
</errors>
</robot>
